{"/home/peter/Development/Web/placefinder/backend/src/app.ts": {"path":"/home/peter/Development/Web/placefinder/backend/src/app.ts","statementMap":{"0":{"start":{"line":1,"column":0},"end":{"line":1,"column":30}},"1":{"start":{"line":2,"column":0},"end":{"line":2,"column":24}},"2":{"start":{"line":3,"column":0},"end":{"line":3,"column":47}},"3":{"start":{"line":4,"column":0},"end":{"line":4,"column":51}},"4":{"start":{"line":5,"column":0},"end":{"line":5,"column":51}},"5":{"start":{"line":7,"column":12},"end":{"line":7,"column":21}},"6":{"start":{"line":21,"column":9},"end":{"line":21,"column":12}},"7":{"start":{"line":10,"column":0},"end":{"line":12,"column":4}},"8":{"start":{"line":14,"column":0},"end":{"line":14,"column":24}},"9":{"start":{"line":17,"column":0},"end":{"line":17,"column":37}},"10":{"start":{"line":18,"column":0},"end":{"line":18,"column":41}},"11":{"start":{"line":19,"column":0},"end":{"line":19,"column":41}}},"fnMap":{},"branchMap":{"0":{"loc":{"start":{"line":11,"column":10},"end":{"line":11,"column":60}},"type":"binary-expr","locations":[{"start":{"line":11,"column":10},"end":{"line":11,"column":33}},{"start":{"line":11,"column":37},"end":{"line":11,"column":60}}]}},"s":{"0":1,"1":1,"2":1,"3":1,"4":1,"5":1,"6":1,"7":1,"8":1,"9":1,"10":1,"11":1},"f":{},"b":{"0":[1,1]}}
,"/home/peter/Development/Web/placefinder/backend/src/index.ts": {"path":"/home/peter/Development/Web/placefinder/backend/src/index.ts","statementMap":{"0":{"start":{"line":1,"column":0},"end":{"line":1,"column":30}},"1":{"start":{"line":2,"column":0},"end":{"line":2,"column":24}},"2":{"start":{"line":3,"column":0},"end":{"line":3,"column":47}},"3":{"start":{"line":4,"column":0},"end":{"line":4,"column":47}},"4":{"start":{"line":5,"column":0},"end":{"line":5,"column":51}},"5":{"start":{"line":6,"column":0},"end":{"line":6,"column":51}},"6":{"start":{"line":8,"column":12},"end":{"line":8,"column":21}},"7":{"start":{"line":9,"column":13},"end":{"line":9,"column":37}},"8":{"start":{"line":12,"column":0},"end":{"line":12,"column":24}},"9":{"start":{"line":13,"column":0},"end":{"line":13,"column":16}},"10":{"start":{"line":16,"column":16},"end":{"line":19,"column":2}},"11":{"start":{"line":20,"column":0},"end":{"line":20,"column":17}},"12":{"start":{"line":23,"column":0},"end":{"line":23,"column":37}},"13":{"start":{"line":24,"column":0},"end":{"line":24,"column":41}},"14":{"start":{"line":25,"column":0},"end":{"line":25,"column":41}},"15":{"start":{"line":28,"column":0},"end":{"line":30,"column":3}},"16":{"start":{"line":29,"column":2},"end":{"line":29,"column":29}},"17":{"start":{"line":32,"column":0},"end":{"line":34,"column":3}},"18":{"start":{"line":33,"column":2},"end":{"line":33,"column":60}}},"fnMap":{"0":{"name":"(anonymous_1)","decl":{"start":{"line":28,"column":19},"end":{"line":28,"column":20}},"loc":{"start":{"line":28,"column":32},"end":{"line":30,"column":1}}},"1":{"name":"(anonymous_2)","decl":{"start":{"line":32,"column":17},"end":{"line":32,"column":20}},"loc":{"start":{"line":32,"column":22},"end":{"line":34,"column":1}}}},"branchMap":{"0":{"loc":{"start":{"line":9,"column":13},"end":{"line":9,"column":37}},"type":"binary-expr","locations":[{"start":{"line":9,"column":13},"end":{"line":9,"column":29}},{"start":{"line":9,"column":33},"end":{"line":9,"column":37}}]}},"s":{"0":0,"1":0,"2":0,"3":0,"4":0,"5":0,"6":0,"7":0,"8":0,"9":0,"10":0,"11":0,"12":0,"13":0,"14":0,"15":0,"16":0,"17":0,"18":0},"f":{"0":0,"1":0},"b":{"0":[0,0]}}
,"/home/peter/Development/Web/placefinder/backend/src/routes/location.ts": {"path":"/home/peter/Development/Web/placefinder/backend/src/routes/location.ts","statementMap":{"0":{"start":{"line":1,"column":0},"end":{"line":1,"column":33}},"1":{"start":{"line":2,"column":0},"end":{"line":2,"column":24}},"2":{"start":{"line":4,"column":15},"end":{"line":4,"column":23}},"3":{"start":{"line":6,"column":21},"end":{"line":8,"column":2}},"4":{"start":{"line":11,"column":0},"end":{"line":27,"column":3}},"5":{"start":{"line":12,"column":2},"end":{"line":26,"column":3}},"6":{"start":{"line":13,"column":22},"end":{"line":13,"column":51}},"7":{"start":{"line":14,"column":21},"end":{"line":15,"column":null}},"8":{"start":{"line":17,"column":17},"end":{"line":17,"column":38}},"9":{"start":{"line":18,"column":4},"end":{"line":18,"column":19}},"10":{"start":{"line":20,"column":4},"end":{"line":25,"column":5}},"11":{"start":{"line":21,"column":6},"end":{"line":21,"column":52}},"12":{"start":{"line":23,"column":6},"end":{"line":23,"column":58}},"13":{"start":{"line":24,"column":6},"end":{"line":24,"column":68}},"14":{"start":{"line":30,"column":0},"end":{"line":61,"column":3}},"15":{"start":{"line":31,"column":2},"end":{"line":60,"column":3}},"16":{"start":{"line":32,"column":22},"end":{"line":32,"column":50}},"17":{"start":{"line":33,"column":21},"end":{"line":34,"column":null}},"18":{"start":{"line":36,"column":19},"end":{"line":36,"column":40}},"19":{"start":{"line":38,"column":4},"end":{"line":52,"column":5}},"20":{"start":{"line":39,"column":6},"end":{"line":46,"column":9}},"21":{"start":{"line":48,"column":6},"end":{"line":51,"column":9}},"22":{"start":{"line":54,"column":4},"end":{"line":59,"column":5}},"23":{"start":{"line":55,"column":6},"end":{"line":55,"column":52}},"24":{"start":{"line":57,"column":6},"end":{"line":57,"column":59}},"25":{"start":{"line":58,"column":6},"end":{"line":58,"column":69}},"26":{"start":{"line":64,"column":0},"end":{"line":67,"column":3}},"27":{"start":{"line":66,"column":2},"end":{"line":66,"column":76}},"28":{"start":{"line":69,"column":13},"end":{"line":69,"column":37}}},"fnMap":{"0":{"name":"(anonymous_0)","decl":{"start":{"line":11,"column":22},"end":{"line":11,"column":27}},"loc":{"start":{"line":11,"column":41},"end":{"line":27,"column":1}}},"1":{"name":"(anonymous_1)","decl":{"start":{"line":30,"column":25},"end":{"line":30,"column":30}},"loc":{"start":{"line":30,"column":44},"end":{"line":61,"column":1}}},"2":{"name":"(anonymous_2)","decl":{"start":{"line":64,"column":33},"end":{"line":64,"column":38}},"loc":{"start":{"line":64,"column":52},"end":{"line":67,"column":1}}}},"branchMap":{"0":{"loc":{"start":{"line":20,"column":4},"end":{"line":25,"column":5}},"type":"if","locations":[{"start":{"line":20,"column":4},"end":{"line":25,"column":5}},{"start":{"line":22,"column":11},"end":{"line":25,"column":5}}]},"1":{"loc":{"start":{"line":38,"column":4},"end":{"line":52,"column":5}},"type":"if","locations":[{"start":{"line":38,"column":4},"end":{"line":52,"column":5}},{"start":{"line":47,"column":11},"end":{"line":52,"column":5}}]},"2":{"loc":{"start":{"line":54,"column":4},"end":{"line":59,"column":5}},"type":"if","locations":[{"start":{"line":54,"column":4},"end":{"line":59,"column":5}},{"start":{"line":56,"column":11},"end":{"line":59,"column":5}}]}},"s":{"0":1,"1":1,"2":1,"3":1,"4":1,"5":0,"6":0,"7":0,"8":0,"9":0,"10":0,"11":0,"12":0,"13":0,"14":1,"15":0,"16":0,"17":0,"18":0,"19":0,"20":0,"21":0,"22":0,"23":0,"24":0,"25":0,"26":1,"27":0,"28":1},"f":{"0":0,"1":0,"2":0},"b":{"0":[0,0],"1":[0,0],"2":[0,0]}}
,"/home/peter/Development/Web/placefinder/backend/src/routes/places.ts": {"path":"/home/peter/Development/Web/placefinder/backend/src/routes/places.ts","statementMap":{"0":{"start":{"line":1,"column":0},"end":{"line":1,"column":30}},"1":{"start":{"line":2,"column":0},"end":{"line":2,"column":46}},"2":{"start":{"line":3,"column":0},"end":{"line":3,"column":24}},"3":{"start":{"line":4,"column":0},"end":{"line":4,"column":55}},"4":{"start":{"line":5,"column":0},"end":{"line":5,"column":53}},"5":{"start":{"line":7,"column":15},"end":{"line":7,"column":33}},"6":{"start":{"line":8,"column":15},"end":{"line":8,"column":31}},"7":{"start":{"line":176,"column":19},"end":{"line":176,"column":31}},"8":{"start":{"line":11,"column":26},"end":{"line":19,"column":2}},"9":{"start":{"line":21,"column":27},"end":{"line":24,"column":2}},"10":{"start":{"line":28,"column":12},"end":{"line":28,"column":16}},"11":{"start":{"line":29,"column":15},"end":{"line":29,"column":44}},"12":{"start":{"line":30,"column":15},"end":{"line":30,"column":44}},"13":{"start":{"line":32,"column":4},"end":{"line":34,"column":39}},"14":{"start":{"line":35,"column":12},"end":{"line":35,"column":56}},"15":{"start":{"line":36,"column":2},"end":{"line":36,"column":15}},"16":{"start":{"line":40,"column":35},"end":{"line":42,"column":1}},"17":{"start":{"line":41,"column":2},"end":{"line":41,"column":36}},"18":{"start":{"line":40,"column":13},"end":{"line":40,"column":35}},"19":{"start":{"line":45,"column":0},"end":{"line":54,"column":3}},"20":{"start":{"line":46,"column":2},"end":{"line":53,"column":3}},"21":{"start":{"line":47,"column":19},"end":{"line":47,"column":48}},"22":{"start":{"line":48,"column":4},"end":{"line":48,"column":41}},"23":{"start":{"line":49,"column":4},"end":{"line":49,"column":27}},"24":{"start":{"line":51,"column":4},"end":{"line":51,"column":52}},"25":{"start":{"line":52,"column":4},"end":{"line":52,"column":62}},"26":{"start":{"line":57,"column":0},"end":{"line":106,"column":3}},"27":{"start":{"line":58,"column":2},"end":{"line":105,"column":3}},"28":{"start":{"line":59,"column":37},"end":{"line":59,"column":71}},"29":{"start":{"line":62,"column":25},"end":{"line":64,"column":6}},"30":{"start":{"line":66,"column":4},"end":{"line":68,"column":5}},"31":{"start":{"line":67,"column":6},"end":{"line":67,"column":119}},"32":{"start":{"line":71,"column":24},"end":{"line":71,"column":64}},"33":{"start":{"line":72,"column":4},"end":{"line":74,"column":5}},"34":{"start":{"line":73,"column":6},"end":{"line":73,"column":142}},"35":{"start":{"line":77,"column":22},"end":{"line":83,"column":6}},"36":{"start":{"line":86,"column":31},"end":{"line":95,"column":18}},"37":{"start":{"line":87,"column":21},"end":{"line":90,"column":8}},"38":{"start":{"line":91,"column":23},"end":{"line":91,"column":49}},"39":{"start":{"line":93,"column":18},"end":{"line":93,"column":37}},"40":{"start":{"line":97,"column":4},"end":{"line":97,"column":33}},"41":{"start":{"line":99,"column":4},"end":{"line":104,"column":5}},"42":{"start":{"line":100,"column":6},"end":{"line":100,"column":52}},"43":{"start":{"line":102,"column":6},"end":{"line":102,"column":61}},"44":{"start":{"line":103,"column":6},"end":{"line":103,"column":71}},"45":{"start":{"line":109,"column":0},"end":{"line":133,"column":3}},"46":{"start":{"line":110,"column":17},"end":{"line":110,"column":27}},"47":{"start":{"line":112,"column":2},"end":{"line":132,"column":3}},"48":{"start":{"line":113,"column":18},"end":{"line":115,"column":6}},"49":{"start":{"line":116,"column":4},"end":{"line":116,"column":39}},"50":{"start":{"line":118,"column":4},"end":{"line":120,"column":5}},"51":{"start":{"line":119,"column":6},"end":{"line":119,"column":64}},"52":{"start":{"line":122,"column":25},"end":{"line":125,"column":6}},"53":{"start":{"line":126,"column":4},"end":{"line":126,"column":48}},"54":{"start":{"line":128,"column":4},"end":{"line":128,"column":27}},"55":{"start":{"line":130,"column":4},"end":{"line":130,"column":52}},"56":{"start":{"line":131,"column":4},"end":{"line":131,"column":62}},"57":{"start":{"line":136,"column":0},"end":{"line":163,"column":3}},"58":{"start":{"line":137,"column":17},"end":{"line":137,"column":27}},"59":{"start":{"line":139,"column":2},"end":{"line":162,"column":3}},"60":{"start":{"line":140,"column":18},"end":{"line":142,"column":6}},"61":{"start":{"line":143,"column":4},"end":{"line":143,"column":39}},"62":{"start":{"line":145,"column":4},"end":{"line":147,"column":5}},"63":{"start":{"line":146,"column":6},"end":{"line":146,"column":64}},"64":{"start":{"line":149,"column":25},"end":{"line":155,"column":6}},"65":{"start":{"line":156,"column":4},"end":{"line":156,"column":48}},"66":{"start":{"line":158,"column":4},"end":{"line":158,"column":27}},"67":{"start":{"line":160,"column":4},"end":{"line":160,"column":52}},"68":{"start":{"line":161,"column":4},"end":{"line":161,"column":62}},"69":{"start":{"line":166,"column":0},"end":{"line":174,"column":3}},"70":{"start":{"line":167,"column":2},"end":{"line":173,"column":3}},"71":{"start":{"line":168,"column":4},"end":{"line":168,"column":23}},"72":{"start":{"line":169,"column":4},"end":{"line":169,"column":59}},"73":{"start":{"line":171,"column":4},"end":{"line":171,"column":55}},"74":{"start":{"line":172,"column":4},"end":{"line":172,"column":65}}},"fnMap":{"0":{"name":"calculateDistance","decl":{"start":{"line":27,"column":9},"end":{"line":27,"column":26}},"loc":{"start":{"line":27,"column":81},"end":{"line":37,"column":1}}},"1":{"name":"(anonymous_2)","decl":{"start":{"line":40,"column":35},"end":{"line":40,"column":36}},"loc":{"start":{"line":40,"column":64},"end":{"line":42,"column":1}}},"2":{"name":"(anonymous_3)","decl":{"start":{"line":45,"column":16},"end":{"line":45,"column":21}},"loc":{"start":{"line":45,"column":35},"end":{"line":54,"column":1}}},"3":{"name":"(anonymous_4)","decl":{"start":{"line":57,"column":23},"end":{"line":57,"column":28}},"loc":{"start":{"line":57,"column":42},"end":{"line":106,"column":1}}},"4":{"name":"(anonymous_5)","decl":{"start":{"line":87,"column":11},"end":{"line":87,"column":16}},"loc":{"start":{"line":87,"column":21},"end":{"line":90,"column":8}}},"5":{"name":"(anonymous_6)","decl":{"start":{"line":91,"column":14},"end":{"line":91,"column":19}},"loc":{"start":{"line":91,"column":23},"end":{"line":91,"column":49}}},"6":{"name":"(anonymous_7)","decl":{"start":{"line":93,"column":12},"end":{"line":93,"column":15}},"loc":{"start":{"line":93,"column":18},"end":{"line":93,"column":37}}},"7":{"name":"(anonymous_8)","decl":{"start":{"line":109,"column":25},"end":{"line":109,"column":30}},"loc":{"start":{"line":109,"column":44},"end":{"line":133,"column":1}}},"8":{"name":"(anonymous_9)","decl":{"start":{"line":136,"column":26},"end":{"line":136,"column":31}},"loc":{"start":{"line":136,"column":45},"end":{"line":163,"column":1}}},"9":{"name":"(anonymous_10)","decl":{"start":{"line":166,"column":25},"end":{"line":166,"column":30}},"loc":{"start":{"line":166,"column":44},"end":{"line":174,"column":1}}}},"branchMap":{"0":{"loc":{"start":{"line":49,"column":13},"end":{"line":49,"column":25}},"type":"binary-expr","locations":[{"start":{"line":49,"column":13},"end":{"line":49,"column":19}},{"start":{"line":49,"column":23},"end":{"line":49,"column":25}}]},"1":{"loc":{"start":{"line":66,"column":4},"end":{"line":68,"column":5}},"type":"if","locations":[{"start":{"line":66,"column":4},"end":{"line":68,"column":5}}]},"2":{"loc":{"start":{"line":72,"column":4},"end":{"line":74,"column":5}},"type":"if","locations":[{"start":{"line":72,"column":4},"end":{"line":74,"column":5}}]},"3":{"loc":{"start":{"line":99,"column":4},"end":{"line":104,"column":5}},"type":"if","locations":[{"start":{"line":99,"column":4},"end":{"line":104,"column":5}},{"start":{"line":101,"column":11},"end":{"line":104,"column":5}}]},"4":{"loc":{"start":{"line":118,"column":4},"end":{"line":120,"column":5}},"type":"if","locations":[{"start":{"line":118,"column":4},"end":{"line":120,"column":5}}]},"5":{"loc":{"start":{"line":145,"column":4},"end":{"line":147,"column":5}},"type":"if","locations":[{"start":{"line":145,"column":4},"end":{"line":147,"column":5}}]}},"s":{"0":1,"1":1,"2":1,"3":1,"4":1,"5":1,"6":1,"7":1,"8":1,"9":1,"10":0,"11":0,"12":0,"13":0,"14":0,"15":0,"16":1,"17":4,"18":1,"19":1,"20":1,"21":1,"22":1,"23":1,"24":0,"25":0,"26":1,"27":0,"28":0,"29":0,"30":0,"31":0,"32":0,"33":0,"34":0,"35":0,"36":0,"37":0,"38":0,"39":0,"40":0,"41":0,"42":0,"43":0,"44":0,"45":1,"46":2,"47":2,"48":2,"49":2,"50":2,"51":1,"52":1,"53":1,"54":1,"55":0,"56":0,"57":1,"58":1,"59":1,"60":1,"61":1,"62":1,"63":0,"64":1,"65":1,"66":1,"67":0,"68":0,"69":1,"70":0,"71":0,"72":0,"73":0,"74":0},"f":{"0":0,"1":4,"2":1,"3":0,"4":0,"5":0,"6":0,"7":2,"8":1,"9":0},"b":{"0":[1,0],"1":[0],"2":[0],"3":[0,0],"4":[1],"5":[0]}}
,"/home/peter/Development/Web/placefinder/backend/src/routes/settings.ts": {"path":"/home/peter/Development/Web/placefinder/backend/src/routes/settings.ts","statementMap":{"0":{"start":{"line":1,"column":0},"end":{"line":1,"column":33}},"1":{"start":{"line":2,"column":0},"end":{"line":2,"column":46}},"2":{"start":{"line":3,"column":0},"end":{"line":3,"column":24}},"3":{"start":{"line":4,"column":0},"end":{"line":4,"column":53}},"4":{"start":{"line":5,"column":0},"end":{"line":5,"column":31}},"5":{"start":{"line":7,"column":15},"end":{"line":7,"column":23}},"6":{"start":{"line":8,"column":15},"end":{"line":8,"column":33}},"7":{"start":{"line":10,"column":28},"end":{"line":13,"column":2}},"8":{"start":{"line":16,"column":0},"end":{"line":24,"column":3}},"9":{"start":{"line":17,"column":2},"end":{"line":23,"column":3}},"10":{"start":{"line":18,"column":21},"end":{"line":18,"column":52}},"11":{"start":{"line":19,"column":4},"end":{"line":19,"column":23}},"12":{"start":{"line":21,"column":4},"end":{"line":21,"column":54}},"13":{"start":{"line":22,"column":4},"end":{"line":22,"column":64}},"14":{"start":{"line":27,"column":0},"end":{"line":97,"column":3}},"15":{"start":{"line":28,"column":2},"end":{"line":96,"column":3}},"16":{"start":{"line":29,"column":20},"end":{"line":29,"column":55}},"17":{"start":{"line":30,"column":20},"end":{"line":30,"column":55}},"18":{"start":{"line":33,"column":4},"end":{"line":75,"column":5}},"19":{"start":{"line":34,"column":29},"end":{"line":34,"column":54}},"20":{"start":{"line":35,"column":23},"end":{"line":46,"column":null}},"21":{"start":{"line":49,"column":6},"end":{"line":51,"column":7}},"22":{"start":{"line":50,"column":8},"end":{"line":50,"column":77}},"23":{"start":{"line":53,"column":21},"end":{"line":53,"column":42}},"24":{"start":{"line":55,"column":6},"end":{"line":57,"column":7}},"25":{"start":{"line":56,"column":8},"end":{"line":56,"column":68}},"26":{"start":{"line":60,"column":22},"end":{"line":60,"column":40}},"27":{"start":{"line":62,"column":8},"end":{"line":67,"column":59}},"28":{"start":{"line":69,"column":6},"end":{"line":71,"column":7}},"29":{"start":{"line":70,"column":8},"end":{"line":70,"column":143}},"30":{"start":{"line":74,"column":6},"end":{"line":74,"column":32}},"31":{"start":{"line":77,"column":20},"end":{"line":81,"column":6}},"32":{"start":{"line":84,"column":4},"end":{"line":86,"column":5}},"33":{"start":{"line":85,"column":6},"end":{"line":85,"column":25}},"34":{"start":{"line":88,"column":4},"end":{"line":88,"column":22}},"35":{"start":{"line":90,"column":4},"end":{"line":95,"column":5}},"36":{"start":{"line":91,"column":6},"end":{"line":91,"column":52}},"37":{"start":{"line":93,"column":6},"end":{"line":93,"column":56}},"38":{"start":{"line":94,"column":6},"end":{"line":94,"column":66}},"39":{"start":{"line":99,"column":13},"end":{"line":99,"column":37}}},"fnMap":{"0":{"name":"(anonymous_1)","decl":{"start":{"line":16,"column":16},"end":{"line":16,"column":21}},"loc":{"start":{"line":16,"column":35},"end":{"line":24,"column":1}}},"1":{"name":"(anonymous_2)","decl":{"start":{"line":27,"column":16},"end":{"line":27,"column":21}},"loc":{"start":{"line":27,"column":35},"end":{"line":97,"column":1}}}},"branchMap":{"0":{"loc":{"start":{"line":33,"column":4},"end":{"line":75,"column":5}},"type":"if","locations":[{"start":{"line":33,"column":4},"end":{"line":75,"column":5}}]},"1":{"loc":{"start":{"line":49,"column":6},"end":{"line":51,"column":7}},"type":"if","locations":[{"start":{"line":49,"column":6},"end":{"line":51,"column":7}}]},"2":{"loc":{"start":{"line":55,"column":6},"end":{"line":57,"column":7}},"type":"if","locations":[{"start":{"line":55,"column":6},"end":{"line":57,"column":7}}]},"3":{"loc":{"start":{"line":60,"column":22},"end":{"line":60,"column":40}},"type":"binary-expr","locations":[{"start":{"line":60,"column":22},"end":{"line":60,"column":34}},{"start":{"line":60,"column":38},"end":{"line":60,"column":40}}]},"4":{"loc":{"start":{"line":62,"column":8},"end":{"line":67,"column":59}},"type":"binary-expr","locations":[{"start":{"line":62,"column":8},"end":{"line":62,"column":49}},{"start":{"line":63,"column":8},"end":{"line":63,"column":49}},{"start":{"line":64,"column":9},"end":{"line":64,"column":34}},{"start":{"line":65,"column":10},"end":{"line":65,"column":59}},{"start":{"line":66,"column":10},"end":{"line":66,"column":66}},{"start":{"line":67,"column":10},"end":{"line":67,"column":57}}]},"5":{"loc":{"start":{"line":69,"column":6},"end":{"line":71,"column":7}},"type":"if","locations":[{"start":{"line":69,"column":6},"end":{"line":71,"column":7}}]},"6":{"loc":{"start":{"line":84,"column":4},"end":{"line":86,"column":5}},"type":"if","locations":[{"start":{"line":84,"column":4},"end":{"line":86,"column":5}}]},"7":{"loc":{"start":{"line":90,"column":4},"end":{"line":95,"column":5}},"type":"if","locations":[{"start":{"line":90,"column":4},"end":{"line":95,"column":5}},{"start":{"line":92,"column":11},"end":{"line":95,"column":5}}]}},"s":{"0":1,"1":1,"2":1,"3":1,"4":1,"5":1,"6":1,"7":1,"8":1,"9":0,"10":0,"11":0,"12":0,"13":0,"14":1,"15":0,"16":0,"17":0,"18":0,"19":0,"20":0,"21":0,"22":0,"23":0,"24":0,"25":0,"26":0,"27":0,"28":0,"29":0,"30":0,"31":0,"32":0,"33":0,"34":0,"35":0,"36":0,"37":0,"38":0,"39":1},"f":{"0":0,"1":0},"b":{"0":[0],"1":[0],"2":[0],"3":[0,0],"4":[0,0,0,0,0,0],"5":[0],"6":[0],"7":[0,0]}}
,"/home/peter/Development/Web/placefinder/backend/src/services/geocoding.ts": {"path":"/home/peter/Development/Web/placefinder/backend/src/services/geocoding.ts","statementMap":{"0":{"start":{"line":8,"column":0},"end":{"line":8,"column":7}},"1":{"start":{"line":1,"column":0},"end":{"line":1,"column":31}},"2":{"start":{"line":9,"column":2},"end":{"line":45,"column":3}},"3":{"start":{"line":10,"column":27},"end":{"line":10,"column":54}},"4":{"start":{"line":11,"column":21},"end":{"line":22,"column":null}},"5":{"start":{"line":25,"column":4},"end":{"line":27,"column":5}},"6":{"start":{"line":26,"column":6},"end":{"line":26,"column":50}},"7":{"start":{"line":29,"column":17},"end":{"line":29,"column":38}},"8":{"start":{"line":31,"column":4},"end":{"line":34,"column":5}},"9":{"start":{"line":32,"column":6},"end":{"line":32,"column":63}},"10":{"start":{"line":33,"column":6},"end":{"line":33,"column":18}},"11":{"start":{"line":36,"column":4},"end":{"line":36,"column":60}},"12":{"start":{"line":38,"column":4},"end":{"line":41,"column":6}},"13":{"start":{"line":43,"column":4},"end":{"line":43,"column":45}},"14":{"start":{"line":44,"column":4},"end":{"line":44,"column":16}}},"fnMap":{"0":{"name":"geocodeAddress","decl":{"start":{"line":8,"column":22},"end":{"line":8,"column":36}},"loc":{"start":{"line":8,"column":52},"end":{"line":46,"column":1}}}},"branchMap":{"0":{"loc":{"start":{"line":25,"column":4},"end":{"line":27,"column":5}},"type":"if","locations":[{"start":{"line":25,"column":4},"end":{"line":27,"column":5}}]},"1":{"loc":{"start":{"line":31,"column":4},"end":{"line":34,"column":5}},"type":"if","locations":[{"start":{"line":31,"column":4},"end":{"line":34,"column":5}}]}},"s":{"0":1,"1":1,"2":0,"3":0,"4":0,"5":0,"6":0,"7":0,"8":0,"9":0,"10":0,"11":0,"12":0,"13":0,"14":0},"f":{"0":0},"b":{"0":[0],"1":[0]}}
,"/home/peter/Development/Web/placefinder/backend/src/services/osmService.ts": {"path":"/home/peter/Development/Web/placefinder/backend/src/services/osmService.ts","statementMap":{"0":{"start":{"line":3,"column":0},"end":{"line":3,"column":7}},"1":{"start":{"line":5,"column":2},"end":{"line":17,"column":4}}},"fnMap":{"0":{"name":"fetchPlaces","decl":{"start":{"line":3,"column":22},"end":{"line":3,"column":33}},"loc":{"start":{"line":3,"column":33},"end":{"line":18,"column":1}}}},"branchMap":{},"s":{"0":1,"1":0},"f":{"0":0},"b":{}}
,"/home/peter/Development/Web/placefinder/backend/src/services/seedService.ts": {"path":"/home/peter/Development/Web/placefinder/backend/src/services/seedService.ts","statementMap":{"0":{"start":{"line":6,"column":0},"end":{"line":6,"column":7}},"1":{"start":{"line":1,"column":0},"end":{"line":1,"column":46}},"2":{"start":{"line":2,"column":0},"end":{"line":2,"column":43}},"3":{"start":{"line":4,"column":15},"end":{"line":4,"column":33}},"4":{"start":{"line":7,"column":2},"end":{"line":26,"column":3}},"5":{"start":{"line":9,"column":4},"end":{"line":9,"column":36}},"6":{"start":{"line":12,"column":19},"end":{"line":12,"column":38}},"7":{"start":{"line":14,"column":4},"end":{"line":18,"column":5}},"8":{"start":{"line":15,"column":6},"end":{"line":17,"column":9}},"9":{"start":{"line":20,"column":4},"end":{"line":20,"column":48}},"10":{"start":{"line":22,"column":4},"end":{"line":22,"column":52}},"11":{"start":{"line":23,"column":4},"end":{"line":23,"column":16}},"12":{"start":{"line":25,"column":4},"end":{"line":25,"column":31}}},"fnMap":{"0":{"name":"seedPlaces","decl":{"start":{"line":6,"column":22},"end":{"line":6,"column":32}},"loc":{"start":{"line":6,"column":32},"end":{"line":27,"column":1}}}},"branchMap":{},"s":{"0":1,"1":1,"2":1,"3":1,"4":0,"5":0,"6":0,"7":0,"8":0,"9":0,"10":0,"11":0,"12":0},"f":{"0":0},"b":{}}
}
