TN:
SF:src/app.ts
FNF:0
FNH:0
DA:1,1
DA:2,1
DA:3,1
DA:4,1
DA:5,1
DA:7,1
DA:10,1
DA:14,1
DA:17,1
DA:18,1
DA:19,1
DA:21,1
LF:12
LH:12
BRDA:11,0,0,1
BRDA:11,0,1,1
BRF:2
BRH:2
end_of_record
TN:
SF:src/index.ts
FN:28,(anonymous_1)
FN:32,(anonymous_2)
FNF:2
FNH:0
FNDA:0,(anonymous_1)
FNDA:0,(anonymous_2)
DA:1,0
DA:2,0
DA:3,0
DA:4,0
DA:5,0
DA:6,0
DA:8,0
DA:9,0
DA:12,0
DA:13,0
DA:16,0
DA:20,0
DA:23,0
DA:24,0
DA:25,0
DA:28,0
DA:29,0
DA:32,0
DA:33,0
LF:19
LH:0
BRDA:9,0,0,0
BRDA:9,0,1,0
BRF:2
BRH:0
end_of_record
TN:
SF:src/routes/location.ts
FN:11,(anonymous_0)
FN:30,(anonymous_1)
FN:64,(anonymous_2)
FNF:3
FNH:0
FNDA:0,(anonymous_0)
FNDA:0,(anonymous_1)
FNDA:0,(anonymous_2)
DA:1,1
DA:2,1
DA:4,1
DA:6,1
DA:11,1
DA:12,0
DA:13,0
DA:14,0
DA:17,0
DA:18,0
DA:20,0
DA:21,0
DA:23,0
DA:24,0
DA:30,1
DA:31,0
DA:32,0
DA:33,0
DA:36,0
DA:38,0
DA:39,0
DA:48,0
DA:54,0
DA:55,0
DA:57,0
DA:58,0
DA:64,1
DA:66,0
DA:69,1
LF:29
LH:8
BRDA:20,0,0,0
BRDA:20,0,1,0
BRDA:38,1,0,0
BRDA:38,1,1,0
BRDA:54,2,0,0
BRDA:54,2,1,0
BRF:6
BRH:0
end_of_record
TN:
SF:src/routes/places.ts
FN:27,calculateDistance
FN:40,(anonymous_2)
FN:45,(anonymous_3)
FN:57,(anonymous_4)
FN:87,(anonymous_5)
FN:91,(anonymous_6)
FN:93,(anonymous_7)
FN:109,(anonymous_8)
FN:136,(anonymous_9)
FN:166,(anonymous_10)
FNF:10
FNH:4
FNDA:0,calculateDistance
FNDA:4,(anonymous_2)
FNDA:1,(anonymous_3)
FNDA:0,(anonymous_4)
FNDA:0,(anonymous_5)
FNDA:0,(anonymous_6)
FNDA:0,(anonymous_7)
FNDA:2,(anonymous_8)
FNDA:1,(anonymous_9)
FNDA:0,(anonymous_10)
DA:1,1
DA:2,1
DA:3,1
DA:4,1
DA:5,1
DA:7,1
DA:8,1
DA:11,1
DA:21,1
DA:28,0
DA:29,0
DA:30,0
DA:32,0
DA:35,0
DA:36,0
DA:40,1
DA:41,4
DA:45,1
DA:46,1
DA:47,1
DA:48,1
DA:49,1
DA:51,0
DA:52,0
DA:57,1
DA:58,0
DA:59,0
DA:62,0
DA:66,0
DA:67,0
DA:71,0
DA:72,0
DA:73,0
DA:77,0
DA:86,0
DA:87,0
DA:91,0
DA:93,0
DA:97,0
DA:99,0
DA:100,0
DA:102,0
DA:103,0
DA:109,1
DA:110,2
DA:112,2
DA:113,2
DA:116,2
DA:118,2
DA:119,1
DA:122,1
DA:126,1
DA:128,1
DA:130,0
DA:131,0
DA:136,1
DA:137,1
DA:139,1
DA:140,1
DA:143,1
DA:145,1
DA:146,0
DA:149,1
DA:156,1
DA:158,1
DA:160,0
DA:161,0
DA:166,1
DA:167,0
DA:168,0
DA:169,0
DA:171,0
DA:172,0
DA:176,1
LF:74
LH:38
BRDA:49,0,0,1
BRDA:49,0,1,0
BRDA:66,1,0,0
BRDA:72,2,0,0
BRDA:99,3,0,0
BRDA:99,3,1,0
BRDA:118,4,0,1
BRDA:145,5,0,0
BRF:8
BRH:2
end_of_record
TN:
SF:src/routes/settings.ts
FN:16,(anonymous_1)
FN:27,(anonymous_2)
FNF:2
FNH:0
FNDA:0,(anonymous_1)
FNDA:0,(anonymous_2)
DA:1,1
DA:2,1
DA:3,1
DA:4,1
DA:5,1
DA:7,1
DA:8,1
DA:10,1
DA:16,1
DA:17,0
DA:18,0
DA:19,0
DA:21,0
DA:22,0
DA:27,1
DA:28,0
DA:29,0
DA:30,0
DA:33,0
DA:34,0
DA:35,0
DA:49,0
DA:50,0
DA:53,0
DA:55,0
DA:56,0
DA:60,0
DA:62,0
DA:69,0
DA:70,0
DA:74,0
DA:77,0
DA:84,0
DA:85,0
DA:88,0
DA:90,0
DA:91,0
DA:93,0
DA:94,0
DA:99,1
LF:40
LH:11
BRDA:33,0,0,0
BRDA:49,1,0,0
BRDA:55,2,0,0
BRDA:60,3,0,0
BRDA:60,3,1,0
BRDA:62,4,0,0
BRDA:62,4,1,0
BRDA:62,4,2,0
BRDA:62,4,3,0
BRDA:62,4,4,0
BRDA:62,4,5,0
BRDA:69,5,0,0
BRDA:84,6,0,0
BRDA:90,7,0,0
BRDA:90,7,1,0
BRF:15
BRH:0
end_of_record
TN:
SF:src/services/geocoding.ts
FN:8,geocodeAddress
FNF:1
FNH:0
FNDA:0,geocodeAddress
DA:1,1
DA:8,1
DA:9,0
DA:10,0
DA:11,0
DA:25,0
DA:26,0
DA:29,0
DA:31,0
DA:32,0
DA:33,0
DA:36,0
DA:38,0
DA:43,0
DA:44,0
LF:15
LH:2
BRDA:25,0,0,0
BRDA:31,1,0,0
BRF:2
BRH:0
end_of_record
TN:
SF:src/services/osmService.ts
FN:3,fetchPlaces
FNF:1
FNH:0
FNDA:0,fetchPlaces
DA:3,1
DA:5,0
LF:2
LH:1
BRF:0
BRH:0
end_of_record
TN:
SF:src/services/seedService.ts
FN:6,seedPlaces
FNF:1
FNH:0
FNDA:0,seedPlaces
DA:1,1
DA:2,1
DA:4,1
DA:6,1
DA:7,0
DA:9,0
DA:12,0
DA:14,0
DA:15,0
DA:20,0
DA:22,0
DA:23,0
DA:25,0
LF:13
LH:4
BRF:0
BRH:0
end_of_record
